[ 2016-02-22T11:01:28+08:00 ] ::1 /jf/
INFO: [ app_init ] --START--
INFO: [ app_init ] --END-- [ RunTime:0.000157s ]
INFO: [ app_begin ] --START--
INFO: Run Behavior\ReadHtmlCache [ RunTime:0.000276s ]
INFO: [ app_begin ] --END-- [ RunTime:0.000599s ]
INFO: [ action_begin ] --START--
INFO: [ action_begin ] --END-- [ RunTime:0.000165s ]
INFO: [ view_begin ] --START--
INFO: [ view_begin ] --END-- [ RunTime:0.000143s ]
INFO: [ view_parse ] --START--
INFO: [ template_filter ] --START--
INFO: Run Behavior\ContentReplace [ RunTime:0.000239s ]
INFO: [ template_filter ] --END-- [ RunTime:0.000564s ]
INFO: Run Behavior\ParseTemplate [ RunTime:0.044910s ]
INFO: [ view_parse ] --END-- [ RunTime:0.045244s ]
INFO: [ view_filter ] --START--
INFO: Run Behavior\WriteHtmlCache [ RunTime:0.000080s ]
INFO: [ view_filter ] --END-- [ RunTime:0.000381s ]
INFO: [ view_end ] --START--
INFO: [ view_end ] --END-- [ RunTime:0.000134s ]
INFO: [ app_end ] --START--
INFO: Run Behavior\ShowPageTrace [ RunTime:0.000251s ]
INFO: [ app_end ] --END-- [ RunTime:0.000541s ]

