[ 2016-04-16T11:48:10+08:00 ] ::1 /jf/index.php/Home/Index/css/layout.css
ERR: 非法操作:css

[ 2016-04-16T11:48:10+08:00 ] ::1 /jf/index.php/Home/Index/js/zhece.js
ERR: 非法操作:js

[ 2016-04-16T11:49:52+08:00 ] ::1 /jf/index.php/Home/Index/js/zhece.js
ERR: 非法操作:js

[ 2016-04-16T11:49:58+08:00 ] ::1 /jf/index.php/Home/Index/js/zhece.js
ERR: 非法操作:js

[ 2016-04-16T11:50:01+08:00 ] ::1 /jf/index.php/Home/Index/js/zhece.js
ERR: 非法操作:js

[ 2016-04-16T11:50:03+08:00 ] ::1 /jf/index.php/Home/Index/js/zhece.js
ERR: 非法操作:js

[ 2016-04-16T11:50:04+08:00 ] ::1 /jf/index.php/Home/Index/js/zhece.js
ERR: 非法操作:js

[ 2016-04-16T11:50:05+08:00 ] ::1 /jf/index.php/Home/Index/js/zhece.js
ERR: 非法操作:js

[ 2016-04-16T11:50:06+08:00 ] ::1 /jf/index.php/Home/Index/js/zhece.js
ERR: 非法操作:js

[ 2016-04-16T11:50:11+08:00 ] ::1 /jf/index.php/Home/Index/js/zhece.js
ERR: 非法操作:js

[ 2016-04-16T11:50:12+08:00 ] ::1 /jf/index.php/Home/Index/js/zhece.js
ERR: 非法操作:js

[ 2016-04-16T11:50:15+08:00 ] ::1 /jf/index.php/Home/Index/js/zhece.js
ERR: 非法操作:js

[ 2016-04-16T11:50:43+08:00 ] ::1 /jf/index.php/Home/Index/js/zhece.js
ERR: 非法操作:js

[ 2016-04-16T11:50:48+08:00 ] ::1 /jf/index.php/Home/Index/js/zhece.js
ERR: 非法操作:js

[ 2016-04-16T11:52:14+08:00 ] ::1 /jf/index.php/Home/Index/js/zhece.js
ERR: 非法操作:js

[ 2016-04-16T11:52:15+08:00 ] ::1 /jf/index.php/Home/Index/js/zhece.js
ERR: 非法操作:js

[ 2016-04-16T11:52:15+08:00 ] ::1 /jf/index.php/Home/Index/js/zhece.js
ERR: 非法操作:js

[ 2016-04-16T11:52:15+08:00 ] ::1 /jf/index.php/Home/Index/js/zhece.js
ERR: 非法操作:js

[ 2016-04-16T11:52:30+08:00 ] ::1 /jf/index.php/Home/Index/js/zhece.js
ERR: 非法操作:js

[ 2016-04-16T11:52:31+08:00 ] ::1 /jf/index.php/Home/Index/js/zhece.js
ERR: 非法操作:js

[ 2016-04-16T11:52:35+08:00 ] ::1 /jf/index.php/Home/Index/js/zhece.js
ERR: 非法操作:js

[ 2016-04-16T17:06:24+08:00 ] ::1 /jf/index.php/Home/Index/js/zhece.js
ERR: 非法操作:js

[ 2016-04-16T17:12:48+08:00 ] ::1 /jf/index.php/Home/Index/%E8%80%81%E5%B8%88%E4%B8%AA%E4%BA%BA%E7%BB%BC%E5%90%88%E5%90%8E%E5%8F%B0.html
ERR: 非法操作:老师个人综合后台

[ 2016-04-16T19:50:47+08:00 ] ::1 /jf/index.php/Home/Index/%E8%80%81%E5%B8%88%E4%B8%AA%E4%BA%BA%E7%BB%BC%E5%90%88%E5%90%8E%E5%8F%B0.html
ERR: 非法操作:老师个人综合后台

[ 2016-04-16T19:54:02+08:00 ] ::1 /jf/index.php/Home/Index/teacher_page
ERR: 非法操作:teacher_page

[ 2016-04-16T19:54:07+08:00 ] ::1 /jf/index.php/Home/Index/teacher_page.html
ERR: 非法操作:teacher_page

[ 2016-04-16T19:54:10+08:00 ] ::1 /jf/index.php/Home/Index/teacher_page.html
ERR: 非法操作:teacher_page

[ 2016-04-16T19:54:24+08:00 ] ::1 /jf/index.php/Home/css/layout.css
ERR: 无法加载控制器:css

[ 2016-04-16T19:54:24+08:00 ] ::1 /jf/index.php/Home/Index/css/lsgrzhht.css
ERR: 非法操作:css

[ 2016-04-16T19:55:31+08:00 ] ::1 /jf/index.php/Home/css/layout.css
ERR: 无法加载控制器:css

[ 2016-04-16T19:55:31+08:00 ] ::1 /jf/index.php/Home/Index/css/lsgrzhht.css
ERR: 非法操作:css

[ 2016-04-16T19:56:27+08:00 ] ::1 /jf/index.php/Home/Index/%E8%80%81%E5%B8%88%E6%95%99%E8%BE%85%E9%A6%96%E9%A1%B5.html
ERR: 非法操作:老师教辅首页

[ 2016-04-16T19:56:32+08:00 ] ::1 /jf/index.php/Home/Index/%E8%80%81%E5%B8%88%E6%95%99%E8%BE%85%E9%A6%96%E9%A1%B5.html
ERR: 非法操作:老师教辅首页

[ 2016-04-16T20:04:58+08:00 ] ::1 /jf/index.php/Home/Index/%E8%80%81%E5%B8%88%E6%95%99%E8%BE%85%E9%A6%96%E9%A1%B5.html
ERR: 非法操作:老师教辅首页

[ 2016-04-16T20:05:55+08:00 ] ::1 /jf/index.php/Home/Index/teacherPage
ERR: 非法操作:teacherPage

[ 2016-04-16T20:06:33+08:00 ] ::1 /jf/index.php/Home/Index/teacherPage.html
ERR: 非法操作:teacherPage

[ 2016-04-16T20:06:39+08:00 ] ::1 /jf/index.php/Home/Index/teacher_login.html
ERR: 非法操作:teacher_login

[ 2016-04-16T20:07:17+08:00 ] ::1 /jf/index.php/Home/Index/teacher_login.html
ERR: 非法操作:teacher_login

[ 2016-04-16T20:07:29+08:00 ] ::1 /jf/index.php/Home/CheckRoll/teacherLogin.html
ERR: 非法操作:teacherLogin

[ 2016-04-16T20:08:17+08:00 ] ::1 /jf/index.php/Home/CheckRoll/teacherLogin.html
ERR: 非法操作:teacherLogin

[ 2016-04-16T20:08:18+08:00 ] ::1 /jf/index.php/Home/CheckRoll/teacherLogin.html
ERR: 非法操作:teacherLogin

[ 2016-04-16T20:10:34+08:00 ] ::1 /jf/index.php/Home/CheckRoll/%E8%80%81%E5%B8%88%E6%95%99%E8%BE%85%E9%A6%96%E9%A1%B5.html
ERR: 非法操作:老师教辅首页

[ 2016-04-16T20:11:40+08:00 ] ::1 /jf/index.php/Home/CheckRoll/css/lsjfsy.css
ERR: 非法操作:css

[ 2016-04-16T20:11:40+08:00 ] ::1 /jf/index.php/Home/css/layout.css
ERR: 无法加载控制器:css

[ 2016-04-16T20:11:40+08:00 ] ::1 /jf/index.php/Home/CheckRoll/css/lsjfsy.css
ERR: 非法操作:css

[ 2016-04-16T20:11:40+08:00 ] ::1 /jf/index.php/Home/css/layout.css
ERR: 无法加载控制器:css

[ 2016-04-16T20:12:54+08:00 ] ::1 /jf/index.php/Home/css/layout.css
ERR: 无法加载控制器:css

[ 2016-04-16T20:12:54+08:00 ] ::1 /jf/index.php/Home/CheckRoll/css/lsjfsy.css
ERR: 非法操作:css

[ 2016-04-16T20:15:08+08:00 ] ::1 /jf/index.php/Home/CheckRoll/%E8%80%81%E5%B8%88%E4%B8%AA%E4%BA%BA%E7%BB%BC%E5%90%88%E5%90%8E%E5%8F%B0.html
ERR: 非法操作:老师个人综合后台

[ 2016-04-16T20:15:42+08:00 ] ::1 /jf/index.php/Home/CheckRoll/__APP_PATH__/CheckRoll/teacherPage
ERR: 非法操作:__APP_PATH__

