[ 2016-03-15T21:44:19+08:00 ] ::1 /jf/index.php/home/Register/index
ERR: 无法加载控制器:Register

[ 2016-03-15T21:52:56+08:00 ] ::1 /jf/index.php/home/Register/index
ERR: 无法加载控制器:Register

[ 2016-03-15T21:53:12+08:00 ] ::1 /jf/index.php/home/Register/index
ERR: 无法加载控制器:Register

[ 2016-03-15T21:53:47+08:00 ] ::1 /jf/index.php/home/Register/
ERR: 无法加载控制器:Register

[ 2016-03-15T21:54:01+08:00 ] ::1 /jf/index.php/home/Student
ERR: 无法加载控制器:Student

[ 2016-03-15T21:54:20+08:00 ] ::1 /jf/index.php/home/Register/index
ERR: 无法加载控制器:Register

[ 2016-03-15T22:04:15+08:00 ] ::1 /jf/index.php/home/Register/index
ERR: 无法加载控制器:Register

[ 2016-03-15T22:04:29+08:00 ] ::1 /jf/index.php/Home/Index/check_login
INFO: [ app_begin ] --START--
INFO: Run Behavior\ReadHtmlCache [ RunTime:0.000027s ]
INFO: [ app_begin ] --END-- [ RunTime:0.000268s ]
INFO: [ action_begin ] --START--
INFO: [ action_begin ] --END-- [ RunTime:0.000017s ]
NOTIC: [8192] mysql_connect(): The mysql extension is deprecated and will be removed in the future: use mysqli or PDO instead F:\XAMPP\htdocs\jf\ThinkPHP\Library\Think\Db\Driver\Mysql.class.php 第 52 行.
SQL: SHOW COLUMNS FROM `jf_instructor` [ RunTime:0.003508s ]
SQL: SELECT * FROM `jf_instructor` WHERE ( `email` = '10000' ) AND ( `password` = 'e10adc3949ba59abbe56e057f20f883e' ) LIMIT 1   [ RunTime:0.002666s ]
INFO: [ app_end ] --START--
INFO: Run Behavior\ShowPageTrace [ RunTime:0.000029s ]
INFO: [ app_end ] --END-- [ RunTime:0.000059s ]

[ 2016-03-15T22:05:10+08:00 ] ::1 /jf/index.php/Home/Index/check_login
INFO: [ app_begin ] --START--
INFO: Run Behavior\ReadHtmlCache [ RunTime:0.000028s ]
INFO: [ app_begin ] --END-- [ RunTime:0.000308s ]
INFO: [ action_begin ] --START--
INFO: [ action_begin ] --END-- [ RunTime:0.000017s ]
NOTIC: [8192] mysql_connect(): The mysql extension is deprecated and will be removed in the future: use mysqli or PDO instead F:\XAMPP\htdocs\jf\ThinkPHP\Library\Think\Db\Driver\Mysql.class.php 第 52 行.
SQL: SHOW COLUMNS FROM `jf_instructor` [ RunTime:0.003084s ]
SQL: SELECT * FROM `jf_instructor` WHERE ( `email` = '10000' ) AND ( `password` = 'e10adc3949ba59abbe56e057f20f883e' ) LIMIT 1   [ RunTime:0.002163s ]
INFO: [ app_end ] --START--
INFO: Run Behavior\ShowPageTrace [ RunTime:0.000031s ]
INFO: [ app_end ] --END-- [ RunTime:0.000068s ]

[ 2016-03-15T22:05:48+08:00 ] ::1 /jf/index.php/Home/Index/check_login
INFO: [ app_begin ] --START--
INFO: Run Behavior\ReadHtmlCache [ RunTime:0.000026s ]
INFO: [ app_begin ] --END-- [ RunTime:0.000231s ]
INFO: [ action_begin ] --START--
INFO: [ action_begin ] --END-- [ RunTime:0.000016s ]
NOTIC: [8192] mysql_connect(): The mysql extension is deprecated and will be removed in the future: use mysqli or PDO instead F:\XAMPP\htdocs\jf\ThinkPHP\Library\Think\Db\Driver\Mysql.class.php 第 52 行.
SQL: SHOW COLUMNS FROM `jf_instructor` [ RunTime:0.005165s ]
SQL: SHOW COLUMNS FROM `jf_department` [ RunTime:0.002396s ]
SQL: SELECT * FROM `jf_department` WHERE ( `dept_id` = null ) LIMIT 1   [ RunTime:0.001139s ]
INFO: [ app_end ] --START--
INFO: Run Behavior\ShowPageTrace [ RunTime:0.000035s ]
INFO: [ app_end ] --END-- [ RunTime:0.000073s ]

[ 2016-03-15T22:05:49+08:00 ] ::1 /jf/index.php/Home/Index/check_login
INFO: [ app_begin ] --START--
INFO: Run Behavior\ReadHtmlCache [ RunTime:0.000026s ]
INFO: [ app_begin ] --END-- [ RunTime:0.000229s ]
INFO: [ action_begin ] --START--
INFO: [ action_begin ] --END-- [ RunTime:0.000024s ]
NOTIC: [8192] mysql_connect(): The mysql extension is deprecated and will be removed in the future: use mysqli or PDO instead F:\XAMPP\htdocs\jf\ThinkPHP\Library\Think\Db\Driver\Mysql.class.php 第 52 行.
SQL: SHOW COLUMNS FROM `jf_instructor` [ RunTime:0.002888s ]
SQL: SHOW COLUMNS FROM `jf_department` [ RunTime:0.003685s ]
SQL: SELECT * FROM `jf_department` WHERE ( `dept_id` = null ) LIMIT 1   [ RunTime:0.001516s ]
INFO: [ app_end ] --START--
INFO: Run Behavior\ShowPageTrace [ RunTime:0.000038s ]
INFO: [ app_end ] --END-- [ RunTime:0.000082s ]

[ 2016-03-15T22:05:50+08:00 ] ::1 /jf/index.php/Home/Index/check_login
INFO: [ app_begin ] --START--
INFO: Run Behavior\ReadHtmlCache [ RunTime:0.000045s ]
INFO: [ app_begin ] --END-- [ RunTime:0.000406s ]
INFO: [ action_begin ] --START--
INFO: [ action_begin ] --END-- [ RunTime:0.000020s ]
NOTIC: [8192] mysql_connect(): The mysql extension is deprecated and will be removed in the future: use mysqli or PDO instead F:\XAMPP\htdocs\jf\ThinkPHP\Library\Think\Db\Driver\Mysql.class.php 第 52 行.
SQL: SHOW COLUMNS FROM `jf_instructor` [ RunTime:0.002502s ]
SQL: SHOW COLUMNS FROM `jf_department` [ RunTime:0.002897s ]
SQL: SELECT * FROM `jf_department` WHERE ( `dept_id` = null ) LIMIT 1   [ RunTime:0.001014s ]
INFO: [ app_end ] --START--
INFO: Run Behavior\ShowPageTrace [ RunTime:0.000026s ]
INFO: [ app_end ] --END-- [ RunTime:0.000053s ]

[ 2016-03-15T22:05:55+08:00 ] ::1 /jf/index.php/Home/Index/check_login
INFO: [ app_begin ] --START--
INFO: Run Behavior\ReadHtmlCache [ RunTime:0.000047s ]
INFO: [ app_begin ] --END-- [ RunTime:0.000513s ]
INFO: [ action_begin ] --START--
INFO: [ action_begin ] --END-- [ RunTime:0.000043s ]
NOTIC: [8192] mysql_connect(): The mysql extension is deprecated and will be removed in the future: use mysqli or PDO instead F:\XAMPP\htdocs\jf\ThinkPHP\Library\Think\Db\Driver\Mysql.class.php 第 52 行.
SQL: SHOW COLUMNS FROM `jf_instructor` [ RunTime:0.002102s ]
SQL: SHOW COLUMNS FROM `jf_department` [ RunTime:0.002536s ]
SQL: SELECT * FROM `jf_department` WHERE ( `dept_id` = null ) LIMIT 1   [ RunTime:0.001219s ]
INFO: [ app_end ] --START--
INFO: Run Behavior\ShowPageTrace [ RunTime:0.000039s ]
INFO: [ app_end ] --END-- [ RunTime:0.000085s ]

[ 2016-03-15T22:05:55+08:00 ] ::1 /jf/index.php/Home/Index/check_login
INFO: [ app_begin ] --START--
INFO: Run Behavior\ReadHtmlCache [ RunTime:0.000027s ]
INFO: [ app_begin ] --END-- [ RunTime:0.000255s ]
INFO: [ action_begin ] --START--
INFO: [ action_begin ] --END-- [ RunTime:0.000026s ]
NOTIC: [8192] mysql_connect(): The mysql extension is deprecated and will be removed in the future: use mysqli or PDO instead F:\XAMPP\htdocs\jf\ThinkPHP\Library\Think\Db\Driver\Mysql.class.php 第 52 行.
SQL: SHOW COLUMNS FROM `jf_instructor` [ RunTime:0.002505s ]
SQL: SHOW COLUMNS FROM `jf_department` [ RunTime:0.002702s ]
SQL: SELECT * FROM `jf_department` WHERE ( `dept_id` = null ) LIMIT 1   [ RunTime:0.000817s ]
INFO: [ app_end ] --START--
INFO: Run Behavior\ShowPageTrace [ RunTime:0.000029s ]
INFO: [ app_end ] --END-- [ RunTime:0.000069s ]

[ 2016-03-15T22:05:56+08:00 ] ::1 /jf/index.php/Home/Index/check_login
INFO: [ app_begin ] --START--
INFO: Run Behavior\ReadHtmlCache [ RunTime:0.000027s ]
INFO: [ app_begin ] --END-- [ RunTime:0.000304s ]
INFO: [ action_begin ] --START--
INFO: [ action_begin ] --END-- [ RunTime:0.000019s ]
NOTIC: [8192] mysql_connect(): The mysql extension is deprecated and will be removed in the future: use mysqli or PDO instead F:\XAMPP\htdocs\jf\ThinkPHP\Library\Think\Db\Driver\Mysql.class.php 第 52 行.
SQL: SHOW COLUMNS FROM `jf_instructor` [ RunTime:0.002355s ]
SQL: SHOW COLUMNS FROM `jf_department` [ RunTime:0.002327s ]
SQL: SELECT * FROM `jf_department` WHERE ( `dept_id` = null ) LIMIT 1   [ RunTime:0.000579s ]
INFO: [ app_end ] --START--
INFO: Run Behavior\ShowPageTrace [ RunTime:0.000024s ]
INFO: [ app_end ] --END-- [ RunTime:0.000050s ]

[ 2016-03-15T22:06:59+08:00 ] ::1 /jf/index.php/Home/Index/check_login
INFO: [ app_begin ] --START--
INFO: Run Behavior\ReadHtmlCache [ RunTime:0.000043s ]
INFO: [ app_begin ] --END-- [ RunTime:0.000286s ]
INFO: [ action_begin ] --START--
INFO: [ action_begin ] --END-- [ RunTime:0.000016s ]
NOTIC: [8192] mysql_connect(): The mysql extension is deprecated and will be removed in the future: use mysqli or PDO instead F:\XAMPP\htdocs\jf\ThinkPHP\Library\Think\Db\Driver\Mysql.class.php 第 52 行.
SQL: SHOW COLUMNS FROM `jf_instructor` [ RunTime:0.003166s ]
SQL: SELECT * FROM `jf_instructor` WHERE ( `email` = '2015' ) AND ( `password` = 'e10adc3949ba59abbe56e057f20f883e' ) LIMIT 1   [ RunTime:0.000632s ]
SQL: SHOW COLUMNS FROM `jf_department` [ RunTime:0.004465s ]
SQL: SELECT * FROM `jf_department` WHERE ( `dept_id` = null ) LIMIT 1   [ RunTime:0.000622s ]
INFO: [ app_end ] --START--
INFO: Run Behavior\ShowPageTrace [ RunTime:0.000040s ]
INFO: [ app_end ] --END-- [ RunTime:0.000083s ]

[ 2016-03-15T22:07:00+08:00 ] ::1 /jf/index.php/Home/Index/check_login
INFO: [ app_begin ] --START--
INFO: Run Behavior\ReadHtmlCache [ RunTime:0.000030s ]
INFO: [ app_begin ] --END-- [ RunTime:0.000309s ]
INFO: [ action_begin ] --START--
INFO: [ action_begin ] --END-- [ RunTime:0.000021s ]
NOTIC: [8192] mysql_connect(): The mysql extension is deprecated and will be removed in the future: use mysqli or PDO instead F:\XAMPP\htdocs\jf\ThinkPHP\Library\Think\Db\Driver\Mysql.class.php 第 52 行.
SQL: SHOW COLUMNS FROM `jf_instructor` [ RunTime:0.002426s ]
SQL: SELECT * FROM `jf_instructor` WHERE ( `email` = '2015' ) AND ( `password` = 'e10adc3949ba59abbe56e057f20f883e' ) LIMIT 1   [ RunTime:0.000411s ]
SQL: SHOW COLUMNS FROM `jf_department` [ RunTime:0.002487s ]
SQL: SELECT * FROM `jf_department` WHERE ( `dept_id` = null ) LIMIT 1   [ RunTime:0.000599s ]
INFO: [ app_end ] --START--
INFO: Run Behavior\ShowPageTrace [ RunTime:0.000034s ]
INFO: [ app_end ] --END-- [ RunTime:0.000073s ]

[ 2016-03-15T22:07:01+08:00 ] ::1 /jf/index.php/Home/Index/check_login
INFO: [ app_begin ] --START--
INFO: Run Behavior\ReadHtmlCache [ RunTime:0.000038s ]
INFO: [ app_begin ] --END-- [ RunTime:0.000295s ]
INFO: [ action_begin ] --START--
INFO: [ action_begin ] --END-- [ RunTime:0.000018s ]
NOTIC: [8192] mysql_connect(): The mysql extension is deprecated and will be removed in the future: use mysqli or PDO instead F:\XAMPP\htdocs\jf\ThinkPHP\Library\Think\Db\Driver\Mysql.class.php 第 52 行.
SQL: SHOW COLUMNS FROM `jf_instructor` [ RunTime:0.002368s ]
SQL: SELECT * FROM `jf_instructor` WHERE ( `email` = '2015' ) AND ( `password` = 'e10adc3949ba59abbe56e057f20f883e' ) LIMIT 1   [ RunTime:0.001287s ]
SQL: SHOW COLUMNS FROM `jf_department` [ RunTime:0.002318s ]
SQL: SELECT * FROM `jf_department` WHERE ( `dept_id` = null ) LIMIT 1   [ RunTime:0.001010s ]
INFO: [ app_end ] --START--
INFO: Run Behavior\ShowPageTrace [ RunTime:0.000027s ]
INFO: [ app_end ] --END-- [ RunTime:0.000056s ]

[ 2016-03-15T22:07:01+08:00 ] ::1 /jf/index.php/Home/Index/check_login
INFO: [ app_begin ] --START--
INFO: Run Behavior\ReadHtmlCache [ RunTime:0.000038s ]
INFO: [ app_begin ] --END-- [ RunTime:0.000289s ]
INFO: [ action_begin ] --START--
INFO: [ action_begin ] --END-- [ RunTime:0.000017s ]
NOTIC: [8192] mysql_connect(): The mysql extension is deprecated and will be removed in the future: use mysqli or PDO instead F:\XAMPP\htdocs\jf\ThinkPHP\Library\Think\Db\Driver\Mysql.class.php 第 52 行.
SQL: SHOW COLUMNS FROM `jf_instructor` [ RunTime:0.002217s ]
SQL: SELECT * FROM `jf_instructor` WHERE ( `email` = '2015' ) AND ( `password` = 'e10adc3949ba59abbe56e057f20f883e' ) LIMIT 1   [ RunTime:0.000436s ]
SQL: SHOW COLUMNS FROM `jf_department` [ RunTime:0.002024s ]
SQL: SELECT * FROM `jf_department` WHERE ( `dept_id` = null ) LIMIT 1   [ RunTime:0.000233s ]
INFO: [ app_end ] --START--
INFO: Run Behavior\ShowPageTrace [ RunTime:0.000025s ]
INFO: [ app_end ] --END-- [ RunTime:0.000050s ]

[ 2016-03-15T22:07:01+08:00 ] ::1 /jf/index.php/Home/Index/check_login
INFO: [ app_begin ] --START--
INFO: Run Behavior\ReadHtmlCache [ RunTime:0.000027s ]
INFO: [ app_begin ] --END-- [ RunTime:0.000272s ]
INFO: [ action_begin ] --START--
INFO: [ action_begin ] --END-- [ RunTime:0.000019s ]
NOTIC: [8192] mysql_connect(): The mysql extension is deprecated and will be removed in the future: use mysqli or PDO instead F:\XAMPP\htdocs\jf\ThinkPHP\Library\Think\Db\Driver\Mysql.class.php 第 52 行.
SQL: SHOW COLUMNS FROM `jf_instructor` [ RunTime:0.002688s ]
SQL: SELECT * FROM `jf_instructor` WHERE ( `email` = '2015' ) AND ( `password` = 'e10adc3949ba59abbe56e057f20f883e' ) LIMIT 1   [ RunTime:0.000686s ]
SQL: SHOW COLUMNS FROM `jf_department` [ RunTime:0.003018s ]
SQL: SELECT * FROM `jf_department` WHERE ( `dept_id` = null ) LIMIT 1   [ RunTime:0.000731s ]
INFO: [ app_end ] --START--
INFO: Run Behavior\ShowPageTrace [ RunTime:0.000026s ]
INFO: [ app_end ] --END-- [ RunTime:0.000055s ]

