[ 2016-02-26T09:27:02+08:00 ] ::1 /jf/
ERR: сисзд©╠Й╪фкЦ╩З╩Щ╪╚╬э╬Ьё╛нч╥╗а╛╫с║ё


[ 2016-02-26T09:27:18+08:00 ] ::1 /jf/
ERR: сисзд©╠Й╪фкЦ╩З╩Щ╪╚╬э╬Ьё╛нч╥╗а╛╫с║ё


[ 2016-02-26T09:28:48+08:00 ] ::1 /jf/
ERR: сисзд©╠Й╪фкЦ╩З╩Щ╪╚╬э╬Ьё╛нч╥╗а╛╫с║ё


[ 2016-02-26T09:29:45+08:00 ] ::1 /jf/
ERR: сисзд©╠Й╪фкЦ╩З╩Щ╪╚╬э╬Ьё╛нч╥╗а╛╫с║ё


[ 2016-02-26T09:31:40+08:00 ] ::1 /jf/
ERR: сисзд©╠Й╪фкЦ╩З╩Щ╪╚╬э╬Ьё╛нч╥╗а╛╫с║ё


[ 2016-02-26T09:31:43+08:00 ] ::1 /jf/
ERR: сисзд©╠Й╪фкЦ╩З╩Щ╪╚╬э╬Ьё╛нч╥╗а╛╫с║ё


[ 2016-02-26T09:32:23+08:00 ] ::1 /jf/
ERR: сисзд©╠Й╪фкЦ╩З╩Щ╪╚╬э╬Ьё╛нч╥╗а╛╫с║ё


[ 2016-02-26T09:37:11+08:00 ] ::1 /jf/
ERR: сисзд©╠Й╪фкЦ╩З╩Щ╪╚╬э╬Ьё╛нч╥╗а╛╫с║ё


[ 2016-02-26T09:37:25+08:00 ] ::1 /jf/
ERR: сисзд©╠Й╪фкЦ╩З╩Щ╪╚╬э╬Ьё╛нч╥╗а╛╫с║ё


[ 2016-02-26T09:37:33+08:00 ] ::1 /jf/
ERR: сисзд©╠Й╪фкЦ╩З╩Щ╪╚╬э╬Ьё╛нч╥╗а╛╫с║ё


[ 2016-02-26T09:38:44+08:00 ] ::1 /jf/
ERR: сисзд©╠Й╪фкЦ╩З╩Щ╪╚╬э╬Ьё╛нч╥╗а╛╫с║ё


[ 2016-02-26T09:44:09+08:00 ] ::1 /jf/
ERR: Access denied for user 'root'@'localhost' (using password: YES)

[ 2016-02-26T09:45:40+08:00 ] ::1 /jf/
ERR: php_network_getaddresses: getaddrinfo failed: ╡╩ж╙╣юуБяЫ╣джВ╩З║ё 

[ 2016-02-26T09:46:17+08:00 ] ::1 /jf/
ERR: php_network_getaddresses: getaddrinfo failed: ╡╩ж╙╣юуБяЫ╣джВ╩З║ё 

[ 2016-02-26T09:46:19+08:00 ] ::1 /jf/
ERR: php_network_getaddresses: getaddrinfo failed: ╡╩ж╙╣юуБяЫ╣джВ╩З║ё 

[ 2016-02-26T09:46:28+08:00 ] ::1 /jf/
ERR: сисзд©╠Й╪фкЦ╩З╩Щ╪╚╬э╬Ьё╛нч╥╗а╛╫с║ё


[ 2016-02-26T10:00:05+08:00 ] ::1 /jf/index.php/Home/checkroll
ERR: Ф≈═ФЁ∙Е┼═Х╫╫Ф▌╖Е┬╤Е≥╗:checkroll

[ 2016-02-26T10:00:20+08:00 ] ::1 /jf/index.php/Home/Checkroll
ERR: Ф≈═ФЁ∙Е┼═Х╫╫Ф▌╖Е┬╤Е≥╗:Checkroll

[ 2016-02-26T10:05:40+08:00 ] ::1 /jf/index.php/Home/CheckRoll
ERR: Ф╗║Ф²©Д╦█Е╜≤Е°╗:D:/wamp/www/jf/Home/View/CheckRoll/index.html

